type: <class 'TypeError'>  value: 'NoneType' object does not support item assignment  traceback: <traceback object at 0x7fc513665300>
type: <class 'TypeError'>  value: 'NoneType' object does not support item assignment  traceback: <traceback object at 0x7f02b6e57300>
type: <class 'KeyError'>  value: 'cost time'  traceback: <traceback object at 0x7f11913a2f00>
type: <class 'KeyError'>  value: 'cost time'  traceback: <traceback object at 0x7f3da12d5440>
type: <class 'KeyboardInterrupt'>  value:   traceback: <traceback object at 0x7ff798ba47c0>
type: <class 'KeyboardInterrupt'>  value:   traceback: <traceback object at 0x7fbe4bf18880>
type: <class 'IndexError'>  value: list index out of range  traceback: <traceback object at 0x7fc0944ac480>
type: <class 'IndexError'>  value: list index out of range  traceback: <traceback object at 0x7f13d9843a80>
type: <class 'TypeError'>  value: get_proposals() missing 1 required positional argument: 'cache_propose'  traceback: <traceback object at 0x7f0e50b31ac0>
type: <class 'AttributeError'>  value: module 'tot.record_functions' has no attribute 'recrd_file_name'  traceback: <traceback object at 0x7f3ba64bc040>
type: <class 'AttributeError'>  value: module 'tot.record_functions' has no attribute 'recrd_file_name'  traceback: <traceback object at 0x7f44ce7d0340>
type: <class 'AttributeError'>  value: module 'tot.record_functions' has no attribute 'recrd_file_name'  traceback: <traceback object at 0x7f576790d240>
type: <class 'KeyboardInterrupt'>  value:   traceback: <traceback object at 0x7fef33e1c500>
type: <class 'KeyboardInterrupt'>  value:   traceback: <traceback object at 0x7f31d3311100>
type: <class 'KeyboardInterrupt'>  value:   traceback: <traceback object at 0x7f982f7db080>
type: <class 'KeyboardInterrupt'>  value:   traceback: <traceback object at 0x7f92926e14c0>
type: <class 'KeyboardInterrupt'>  value:   traceback: <traceback object at 0x7fa08d607a80>
type: <class 'KeyboardInterrupt'>  value:   traceback: <traceback object at 0x7f2c232c8540>
type: <class 'TypeError'>  value: Object of type graph is not JSON serializable  traceback: <traceback object at 0x7f03f1bd9f40>
type: <class 'ValueError'>  value: Circular reference detected  traceback: <traceback object at 0x7fc8c61c6e80>
type: <class 'ValueError'>  value: Circular reference detected  traceback: <traceback object at 0x7f16bf0ed700>
type: <class 'TypeError'>  value: cannot create weak reference to 'int' object  traceback: <traceback object at 0x7f47716e42c0>
type: <class 'TypeError'>  value: cannot create weak reference to 'list' object  traceback: <traceback object at 0x7f6529dac140>
type: <class 'TypeError'>  value: cannot create weak reference to 'list' object  traceback: <traceback object at 0x7fc5173f3380>
type: <class 'ValueError'>  value: Circular reference detected  traceback: <traceback object at 0x7fc2bf25e440>
type: <class 'ValueError'>  value: Circular reference detected  traceback: <traceback object at 0x7fcc2aa75200>
type: <class 'KeyboardInterrupt'>  value:   traceback: <traceback object at 0x7ffa0d42abc0>
type: <class 'ValueError'>  value: Circular reference detected  traceback: <traceback object at 0x7fab45bf86c0>
type: <class 'ValueError'>  value: Circular reference detected  traceback: <traceback object at 0x7f2da160a1c0>
type: <class 'KeyboardInterrupt'>  value:   traceback: <traceback object at 0x7fb5388d5000>
type: <class 'ValueError'>  value: Circular reference detected  traceback: <traceback object at 0x7f55a6c4ba80>
type: <class 'KeyboardInterrupt'>  value:   traceback: <traceback object at 0x7f2f3d1d2a80>
type: <class 'ValueError'>  value: Circular reference detected  traceback: <traceback object at 0x7f52d905bf80>
type: <class 'KeyboardInterrupt'>  value:   traceback: <traceback object at 0x7f81433d91c0>
type: <class 'ValueError'>  value: Circular reference detected  traceback: <traceback object at 0x7f91b950c500>
type: <class 'TypeError'>  value: write() argument must be str, not dict  traceback: <traceback object at 0x7f153333ce00>
type: <class 'AttributeError'>  value: 'graph' object has no attribute '__output_graph__'  traceback: <traceback object at 0x7fbfbb039240>
type: <class 'TypeError'>  value: TextIOWrapper.write() takes no keyword arguments  traceback: <traceback object at 0x7fa5076b6400>
type: <class 'TypeError'>  value: TextIOWrapper.write() takes no keyword arguments  traceback: <traceback object at 0x7f6cc2520e80>
type: <class 'TypeError'>  value: write() argument must be str, not list  traceback: <traceback object at 0x7f9105e5cd80>
type: <class 'TypeError'>  value: write() argument must be str, not list  traceback: <traceback object at 0x7ffbc5cd90c0>
type: <class 'TypeError'>  value: expected str, bytes or os.PathLike object, not TextIOWrapper  traceback: <traceback object at 0x7f3b206dc300>
type: <class 'TypeError'>  value: expected str, bytes or os.PathLike object, not TextIOWrapper  traceback: <traceback object at 0x7fe50c1a9cc0>
type: <class 'FileNotFoundError'>  value: [Errno 2] No such file or directory: './logs/game24/2024-08-13/k5b3/3/graph.json'  traceback: <traceback object at 0x7f90bd2b8580>
type: <class 'FileNotFoundError'>  value: [Errno 2] No such file or directory: './logs/game24/2024-08-13/k5b3/4/graph.json'  traceback: <traceback object at 0x7f72a64307c0>
type: <class 'FileNotFoundError'>  value: [Errno 2] No such file or directory: './logs/game24/2024-08-13/k5b3/5/graph.json'  traceback: <traceback object at 0x7f4aa831c600>
type: <class 'FileNotFoundError'>  value: [Errno 2] No such file or directory: './logs/game24/2024-08-13/k5b3/6/graph.json'  traceback: <traceback object at 0x7f30f6b8a300>
type: <class 'KeyboardInterrupt'>  value:   traceback: <traceback object at 0x7fd83fe7a3c0>
type: <class 'TypeError'>  value: the JSON object must be str, bytes or bytearray, not TextIOWrapper  traceback: <traceback object at 0x7fcc99d201c0>
type: <class 'TypeError'>  value: the JSON object must be str, bytes or bytearray, not TextIOWrapper  traceback: <traceback object at 0x7f0b541f0400>
type: <class 'KeyError'>  value: 'node'  traceback: <traceback object at 0x7fea687e1e40>
type: <class 'KeyError'>  value: 'node'  traceback: <traceback object at 0x7f2e0137da80>
type: <class 'KeyError'>  value: 'node'  traceback: <traceback object at 0x7f6bcd0f2f00>
type: <class 'TypeError'>  value: argument should be integer or None, not '_io.TextIOWrapper'  traceback: <traceback object at 0x7f2545da0fc0>
type: <class 'TypeError'>  value: argument should be integer or None, not '_io.TextIOWrapper'  traceback: <traceback object at 0x7f9065a2e3c0>
type: <class 'TypeError'>  value: argument should be integer or None, not '_io.TextIOWrapper'  traceback: <traceback object at 0x7ff0786b2180>
type: <class 'TypeError'>  value: argument should be integer or None, not '_io.TextIOWrapper'  traceback: <traceback object at 0x7f03d81d3040>
type: <class 'UnboundLocalError'>  value: local variable 'new_ys' referenced before assignment  traceback: <traceback object at 0x7f90de1fa0c0>
type: <class 'KeyboardInterrupt'>  value:   traceback: <traceback object at 0x7fa2e929da00>
type: <class 'KeyboardInterrupt'>  value:   traceback: <traceback object at 0x75cddf980200>
type: <class 'KeyboardInterrupt'>  value:   traceback: <traceback object at 0x7bc454887e40>
type: <class 'KeyboardInterrupt'>  value:   traceback: <traceback object at 0x72cf0a9e7080>
type: <class 'KeyboardInterrupt'>  value:   traceback: <traceback object at 0x7076210233c0>
type: <class 'TypeError'>  value: can only concatenate str (not "int") to str  traceback: <traceback object at 0x7497b02f6300>
type: <class 'TypeError'>  value: can only concatenate str (not "list") to str  traceback: <traceback object at 0x7c8ad630bbc0>
type: <class 'AttributeError'>  value: module 'jsonpickle' has no attribute 'dump'  traceback: <traceback object at 0x7f89db0d0fc0>
type: <class 'TypeError'>  value: dumps() takes 1 positional argument but 2 positional arguments (and 1 keyword-only argument) were given  traceback: <traceback object at 0x71c18b12f1c0>
type: <class 'TypeError'>  value: dump() missing 1 required positional argument: 'fp'  traceback: <traceback object at 0x7cb99f012400>
type: <class 'UnboundLocalError'>  value: local variable 'fsd73_cnt_avg' referenced before assignment  traceback: <traceback object at 0x77778551c840>
type: <class 'UnboundLocalError'>  value: local variable 'fsd73_cnt_avg' referenced before assignment  traceback: <traceback object at 0x792740376c80>
type: <class 'AssertionError'>  value: The "simplejson" backend has not been loaded.  traceback: <traceback object at 0x765ed38effc0>
type: <class 'KeyboardInterrupt'>  value:   traceback: <traceback object at 0x7bb7cbd5ed80>
type: <class 'ValueError'>  value: unexpected '{' in field name  traceback: <traceback object at 0x749350fdeb40>
type: <class 'KeyboardInterrupt'>  value:   traceback: <traceback object at 0x77ec369c1d80>
type: <class 'KeyboardInterrupt'>  value:   traceback: <traceback object at 0x7b93de524c00>
type: <class 'ValueError'>  value: invalid literal for int() with base 10: '1.5'  traceback: <traceback object at 0x76bfff97dc00>
type: <class 'KeyError'>  value: 'cost time'  traceback: <traceback object at 0x74fcf1ac42c0>
type: <class 'KeyError'>  value: 'cost time'  traceback: <traceback object at 0x7db2b3eae440>
type: <class 'KeyboardInterrupt'>  value:   traceback: <traceback object at 0x7ffa61f33200>
type: <class 'ValueError'>  value: could not convert string to float: '0.555...'  traceback: <traceback object at 0x7319b22c6cc0>
type: <class 'IndexError'>  value: list index out of range  traceback: <traceback object at 0x7d9eb9ffd400>
type: <class 'KeyboardInterrupt'>  value:   traceback: <traceback object at 0x72e259758f40>
type: <class 'KeyboardInterrupt'>  value:   traceback: <traceback object at 0x709f9d15e240>
type: <class 'TypeError'>  value: 'NoneType' object is not subscriptable  traceback: <traceback object at 0x731c16f787c0>
type: <class 'IndexError'>  value: list index out of range  traceback: <traceback object at 0x7dbd57249d00>
type: <class 'sympy.core.sympify.SympifyError'>  value: Sympify of expression 'could not parse ' ( x4 + x5 ) 6 10 '' failed, because of exception being raised:
SyntaxError: invalid syntax (<string>, line 1)  traceback: <traceback object at 0x7d3e79750740>
type: <class 'sympy.core.sympify.SympifyError'>  value: Sympify of expression 'could not parse ' ( x4 + x5 ) 6 10 '' failed, because of exception being raised:
SyntaxError: invalid syntax (<string>, line 1)  traceback: <traceback object at 0x7a4fa7bc6700>
type: <class 'sympy.core.sympify.SympifyError'>  value: Sympify of expression 'could not parse ' ( x4 + x5 ) x6 x7 '' failed, because of exception being raised:
SyntaxError: invalid syntax (<string>, line 1)  traceback: <traceback object at 0x7959a817c6c0>
type: <class 'AttributeError'>  value: 'NoneType' object has no attribute 'replace'  traceback: <traceback object at 0x7eaaea0ec3c0>
type: <class 'sympy.core.sympify.SympifyError'>  value: Sympify of expression 'could not parse ' x6 x5 '' failed, because of exception being raised:
SyntaxError: invalid syntax (<string>, line 1)  traceback: <traceback object at 0x7a6fbfb90440>
type: <class 'TypeError'>  value: 'NoneType' object is not subscriptable  traceback: <traceback object at 0x7cabeb3ca700>
type: <class 'TypeError'>  value: 'NoneType' object is not subscriptable  traceback: <traceback object at 0x7c3687df1b80>
type: <class 'TypeError'>  value: 'NoneType' object is not subscriptable  traceback: <traceback object at 0x76db19a16480>
type: <class 'IndexError'>  value: list index out of range  traceback: <traceback object at 0x79ab956812c0>
type: <class 'TypeError'>  value: 'NoneType' object is not subscriptable  traceback: <traceback object at 0x7cd4ff721140>
type: <class 'KeyboardInterrupt'>  value:   traceback: <traceback object at 0x7b5ac23be040>
type: <class 'KeyError'>  value: 'logprobs'  traceback: <traceback object at 0x11a0e1a80>
type: <class 'AttributeError'>  value: 'list' object has no attribute 'split'  traceback: <traceback object at 0x11aaaaf40>
type: <class 'KeyError'>  value: 'Impossible'  traceback: <traceback object at 0x121907c80>
type: <class 'TypeError'>  value: Record_txt() missing 1 required positional argument: 'input_string'  traceback: <traceback object at 0x11ecb8140>
type: <class 'TypeError'>  value: can only concatenate str (not "list") to str  traceback: <traceback object at 0x11ac3b980>
type: <class 'AttributeError'>  value: 'list' object has no attribute 'split'  traceback: <traceback object at 0x12485ba00>
type: <class 'IndexError'>  value: list index out of range  traceback: <traceback object at 0x12c484fc0>
