type: <class 'KeyboardInterrupt'>  value:   traceback: <traceback object at 0x11d75ed40>
type: <class 'KeyboardInterrupt'>  value:   traceback: <traceback object at 0x1184cbf40>
type: <class 'KeyboardInterrupt'>  value:   traceback: <traceback object at 0x1188b8e80>
type: <class 'KeyboardInterrupt'>  value:   traceback: <traceback object at 0x124fc39c0>
type: <class 'AttributeError'>  value: 'Game24Task' object has no attribute 'reset_id'  traceback: <traceback object at 0x115c94d80>
type: <class 'TypeError'>  value: get_proposals() missing 1 required positional argument: 'k'  traceback: <traceback object at 0x12434b400>
type: <class 'KeyboardInterrupt'>  value:   traceback: <traceback object at 0x1288175c0>
type: <class 'ZeroDivisionError'>  value: division by zero  traceback: <traceback object at 0x10a0b8140>
type: <class 'KeyboardInterrupt'>  value:   traceback: <traceback object at 0x12509de40>
type: <class 'KeyboardInterrupt'>  value:   traceback: <traceback object at 0x1198797c0>
type: <class 'KeyboardInterrupt'>  value:   traceback: <traceback object at 0x11ebb8480>
type: <class 'ValueError'>  value: not enough values to unpack (expected 4, got 2)  traceback: <traceback object at 0x11e69a140>
type: <class 'TypeError'>  value: Game24Task.distance_calculator() missing 1 required positional argument: 'evaluator_method'  traceback: <traceback object at 0x11fce3d00>
type: <class 'ValueError'>  value: not enough values to unpack (expected 4, got 2)  traceback: <traceback object at 0x123d2ad00>
type: <class 'KeyError'>  value: '0'  traceback: <traceback object at 0x11b0b9cc0>
type: <class 'KeyError'>  value: '0'  traceback: <traceback object at 0x117f3e0c0>
type: <class 'AttributeError'>  value: 'NoneType' object has no attribute 'strip'  traceback: <traceback object at 0x11e37a9c0>
type: <class 'ValueError'>  value: too many values to unpack (expected 2)  traceback: <traceback object at 0x1171dd7c0>
type: <class 'ValueError'>  value: too many values to unpack (expected 2)  traceback: <traceback object at 0x122daea80>
type: <class 'ValueError'>  value: too many values to unpack (expected 2)  traceback: <traceback object at 0x11f292480>
type: <class 'KeyboardInterrupt'>  value:   traceback: <traceback object at 0x1222a1080>
type: <class 'TypeError'>  value: can only concatenate str (not "int") to str  traceback: <traceback object at 0x1249b5c00>
type: <class 'KeyboardInterrupt'>  value:   traceback: <traceback object at 0x115578280>
type: <class 'KeyboardInterrupt'>  value:   traceback: <traceback object at 0x120dd0280>
type: <class 'TypeError'>  value: dfs() got an unexpected keyword argument 'sd'  traceback: <traceback object at 0x1107d40c0>
type: <class 'TypeError'>  value: __dfs__() got an unexpected keyword argument 'to_print'  traceback: <traceback object at 0x1114abec0>
type: <class 'TypeError'>  value: tuple indices must be integers or slices, not str  traceback: <traceback object at 0x1165d9040>
type: <class 'IndexError'>  value: tuple index out of range  traceback: <traceback object at 0x11d20fdc0>
type: <class 'IndexError'>  value: tuple index out of range  traceback: <traceback object at 0x12b82cb40>
type: <class 'TypeError'>  value: tuple indices must be integers or slices, not str  traceback: <traceback object at 0x12204ee80>
type: <class 'TypeError'>  value: Game24Task.distance_calculator() missing 1 required positional argument: 'evaluator_method'  traceback: <traceback object at 0x11a34ec00>
type: <class 'KeyboardInterrupt'>  value:   traceback: <traceback object at 0x11d26d100>
type: <class 'TypeError'>  value: Game24Task.distance_calculator() missing 1 required positional argument: 'evaluator_method'  traceback: <traceback object at 0x11b136bc0>
type: <class 'KeyboardInterrupt'>  value:   traceback: <traceback object at 0x12b0ac940>
type: <class 'KeyError'>  value: 1  traceback: <traceback object at 0x122514f40>
type: <class 'KeyboardInterrupt'>  value:   traceback: <traceback object at 0x129dcd4c0>
type: <class 'KeyError'>  value: 1  traceback: <traceback object at 0x12062ed40>
type: <class 'KeyboardInterrupt'>  value:   traceback: <traceback object at 0x1242ceac0>
type: <class 'ValueError'>  value: not enough values to unpack (expected 5, got 4)  traceback: <traceback object at 0x11c019700>
type: <class 'KeyboardInterrupt'>  value:   traceback: <traceback object at 0x126fd64c0>
type: <class 'TypeError'>  value: gpt() missing 1 required positional argument: 'model'  traceback: <traceback object at 0x150909b00>
type: <class 'TypeError'>  value: unsupported operand type(s) for -: 'int' and 'str'  traceback: <traceback object at 0x1185eecc0>
type: <class 'TypeError'>  value: unsupported operand type(s) for -: 'int' and 'str'  traceback: <traceback object at 0x106055f00>
type: <class 'TypeError'>  value: unsupported operand type(s) for -: 'int' and 'str'  traceback: <traceback object at 0x1275f82c0>
type: <class 'KeyboardInterrupt'>  value:   traceback: <traceback object at 0x1557ee9c0>
type: <class 'KeyboardInterrupt'>  value:   traceback: <traceback object at 0x12cc09600>
type: <class 'UnboundLocalError'>  value: local variable 'answer' referenced before assignment  traceback: <traceback object at 0x117afc540>
type: <class 'KeyboardInterrupt'>  value:   traceback: <traceback object at 0x134348780>
type: <class 'KeyboardInterrupt'>  value:   traceback: <traceback object at 0x1300ad800>
type: <class 'FileNotFoundError'>  value: [Errno 2] No such file or directory: 'graph.json'  traceback: <traceback object at 0x16012b340>
type: <class 'KeyboardInterrupt'>  value:   traceback: <traceback object at 0x11789b500>
type: <class 'UnboundLocalError'>  value: local variable 'info' referenced before assignment  traceback: <traceback object at 0x1607ddf80>
type: <class 'KeyboardInterrupt'>  value:   traceback: <traceback object at 0x123a90d40>
type: <class 'UnboundLocalError'>  value: local variable 'value' referenced before assignment  traceback: <traceback object at 0x12fc63c80>
type: <class 'UnboundLocalError'>  value: local variable 'value' referenced before assignment  traceback: <traceback object at 0x12590b500>
type: <class 'KeyboardInterrupt'>  value:   traceback: <traceback object at 0x1224f94c0>
type: <class 'IndexError'>  value: list assignment index out of range  traceback: <traceback object at 0x10c951a80>
type: <class 'AttributeError'>  value: 'NoneType' object has no attribute 'update'  traceback: <traceback object at 0x10c46ff40>
